<?xml version="1.0" encoding="UTF-8"?>
<!-- Generated by org.testng.reporters.JUnitXMLReporter -->
<testsuite hostname="DESKTOP-QNHJ5Q7" name="Test" tests="4" failures="0" timestamp="2 Mar 2023 14:55:57 GMT" time="63.848" errors="0">
  <testcase name="verifyLoginFeatureWithInValidCred" time="13.581" classname="dataDrivenTest.NOPCommLogin"/>
  <testcase name="verifyLoginFeatureWithInValidCred" time="12.888" classname="dataDrivenTest.NOPCommLogin"/>
  <testcase name="verifyLoginFeatureWithInValidCred" time="12.891" classname="dataDrivenTest.NOPCommLogin"/>
  <testcase name="verifyLoginFeatureWithInValidCred" time="12.875" classname="dataDrivenTest.NOPCommLogin"/>
</testsuite> <!-- Test -->
