<?xml version="1.0" encoding="UTF-8"?>
<testsuite xmlns:xsi="http://www.w3.org/2001/XMLSchema-instance" xsi:noNamespaceSchemaLocation="https://maven.apache.org/surefire/maven-surefire-plugin/xsd/surefire-test-report-3.0.xsd" version="3.0" name="TestSuite" time="27.455" tests="1" errors="0" skipped="0" failures="0">
  <properties>
[...]
</properties>
  <testcase name="serachItems" classname="logExample.NOPComm_LogExample" time="12.663">
    <system-out><![CDATA[launching app
 INFO [main] (BaseTest.java:30)- launch chrome browser
 INFO [main] (BaseTest.java:34)- application launch successfully.
 INFO [main] (NOPComm_LogExample.java:20)- clear the email value
 INFO [main] (NOPComm_LogExample.java:22)- enter email value - 
 INFO [main] (NOPComm_LogExample.java:24)- clear the password value
 INFO [main] (NOPComm_LogExample.java:28)- enter password value - 
 INFO [main] (NOPComm_LogExample.java:30)- click on checkbox Button 
 INFO [main] (NOPComm_LogExample.java:35)- click on Login Button 
 INFO [main] (NOPComm_LogExample.java:42)- after login applicaiton title :  Dashboard / nopCommerce administration
 INFO [main] (NOPComm_LogExample.java:43)- after login applicaiton url :  https://admin-demo.nopcommerce.com/admin/
 WARN [main] (NOPComm_LogExample.java:46)- after login applicaiton title :  Dashboard / nopCommerce administration
ERROR [main] (NOPComm_LogExample.java:47)- after login applicaiton url :  https://admin-demo.nopcommerce.com/admin/
 INFO [main] (NOPComm_LogExample.java:53)- click on Logout Button 
]]></system-out>
    <system-err><![CDATA[SLF4J: No SLF4J providers were found.
SLF4J: Defaulting to no-operation (NOP) logger implementation
SLF4J: See https://www.slf4j.org/codes.html#noProviders for further details.
Starting ChromeDriver 110.0.5481.77 (65ed616c6e8ee3fe0ad64fe83796c020644d42af-refs/branch-heads/5481@{#839}) on port 32895
Only local connections are allowed.
Please see https://chromedriver.chromium.org/security-considerations for suggestions on keeping ChromeDriver safe.
ChromeDriver was started successfully.
[1678422896.845][WARNING]: virtual void DevToolsClientImpl::AddListener(DevToolsEventListener *) subscribing a listener to the already connected DevToolsClient. Connection notification will not arrive.
Mar 09, 2023 8:34:56 PM org.openqa.selenium.remote.ProtocolHandshake createSession
INFO: Detected dialect: W3C
]]></system-err>
  </testcase>
</testsuite>