<?xml version="1.0" encoding="UTF-8"?>
<testng-results ignored="0" total="1" passed="1" failed="0" skipped="0">
  <reporter-output>
  </reporter-output>
  <suite started-at="2023-03-09T20:34:54 PST" name="Suite" finished-at="2023-03-09T20:35:21 PST" duration-ms="26608">
    <groups>
    </groups>
    <test started-at="2023-03-09T20:34:54 PST" name="Test" finished-at="2023-03-09T20:35:21 PST" duration-ms="26608">
      <class name="logExample.NOPComm_LogExample">
        <test-method is-config="true" signature="setup()[pri:0, instance:logExample.NOPComm_LogExample@6db9f5a4]" started-at="2023-03-09T20:34:54 PST" name="setup" finished-at="2023-03-09T20:35:03 PST" duration-ms="8698" status="PASS">
          <reporter-output>
          </reporter-output>
        </test-method> <!-- setup -->
        <test-method signature="serachItems()[pri:0, instance:logExample.NOPComm_LogExample@6db9f5a4]" started-at="2023-03-09T20:35:03 PST" name="serachItems" finished-at="2023-03-09T20:35:15 PST" duration-ms="12720" status="PASS">
          <reporter-output>
          </reporter-output>
        </test-method> <!-- serachItems -->
        <test-method is-config="true" signature="teardown()[pri:0, instance:logExample.NOPComm_LogExample@6db9f5a4]" started-at="2023-03-09T20:35:15 PST" name="teardown" finished-at="2023-03-09T20:35:21 PST" duration-ms="5157" status="PASS">
          <reporter-output>
          </reporter-output>
        </test-method> <!-- teardown -->
      </class> <!-- logExample.NOPComm_LogExample -->
    </test> <!-- Test -->
  </suite> <!-- Suite -->
</testng-results>
